cl : command line  warning D9035: option 'Gm' has been deprecated and will be removed in a future release
  KVPair.cpp
F:\Github\CnC_Generals_Zero_Hour_stevebone\GeneralsMD\Code\Tools\CRCDiff\KVPair.cpp(133,13): warning C4996: 'fopen': This function or variable may be unsafe. Consider using fopen_s instead. To disable deprecation, use _CRT_SECURE_NO_WARNINGS. See online help for details.
  expander.cpp
  debug.cpp
  CRCDiff.cpp
F:\Github\CnC_Generals_Zero_Hour_stevebone\GeneralsMD\Code\Tools\CRCDiff\CRCDiff.cpp(52,7): warning C4996: 'sscanf': This function or variable may be unsafe. Consider using sscanf_s instead. To disable deprecation, use _CRT_SECURE_NO_WARNINGS. See online help for details.
F:\Github\CnC_Generals_Zero_Hour_stevebone\GeneralsMD\Code\Tools\CRCDiff\CRCDiff.cpp(54,4): warning C4996: 'strcpy': This function or variable may be unsafe. Consider using strcpy_s instead. To disable deprecation, use _CRT_SECURE_NO_WARNINGS. See online help for details.
F:\Github\CnC_Generals_Zero_Hour_stevebone\GeneralsMD\Code\Tools\CRCDiff\CRCDiff.cpp(66,13): warning C4996: 'fopen': This function or variable may be unsafe. Consider using fopen_s instead. To disable deprecation, use _CRT_SECURE_NO_WARNINGS. See online help for details.
F:\Github\CnC_Generals_Zero_Hour_stevebone\GeneralsMD\Code\Tools\CRCDiff\CRCDiff.cpp(197,3): error C2065: 'cout': undeclared identifier
F:\Github\CnC_Generals_Zero_Hour_stevebone\GeneralsMD\Code\Tools\CRCDiff\CRCDiff.cpp(197,88): error C2065: 'endl': undeclared identifier
F:\Github\CnC_Generals_Zero_Hour_stevebone\GeneralsMD\Code\Tools\CRCDiff\CRCDiff.cpp(218,3): error C2065: 'cout': undeclared identifier
F:\Github\CnC_Generals_Zero_Hour_stevebone\GeneralsMD\Code\Tools\CRCDiff\CRCDiff.cpp(218,46): error C2065: 'endl': undeclared identifier
F:\Github\CnC_Generals_Zero_Hour_stevebone\GeneralsMD\Code\Tools\CRCDiff\CRCDiff.cpp(225,3): error C2065: 'cout': undeclared identifier
F:\Github\CnC_Generals_Zero_Hour_stevebone\GeneralsMD\Code\Tools\CRCDiff\CRCDiff.cpp(225,46): error C2065: 'endl': undeclared identifier
F:\Github\CnC_Generals_Zero_Hour_stevebone\GeneralsMD\Code\Tools\CRCDiff\CRCDiff.cpp(291,7): error C2065: 'cout': undeclared identifier
F:\Github\CnC_Generals_Zero_Hour_stevebone\GeneralsMD\Code\Tools\CRCDiff\CRCDiff.cpp(291,73): error C2065: 'endl': undeclared identifier
F:\Github\CnC_Generals_Zero_Hour_stevebone\GeneralsMD\Code\Tools\CRCDiff\CRCDiff.cpp(215,11): warning C4996: 'fopen': This function or variable may be unsafe. Consider using fopen_s instead. To disable deprecation, use _CRT_SECURE_NO_WARNINGS. See online help for details.
F:\Github\CnC_Generals_Zero_Hour_stevebone\GeneralsMD\Code\Tools\CRCDiff\CRCDiff.cpp(221,11): warning C4996: 'fopen': This function or variable may be unsafe. Consider using fopen_s instead. To disable deprecation, use _CRT_SECURE_NO_WARNINGS. See online help for details.
F:\Github\CnC_Generals_Zero_Hour_stevebone\GeneralsMD\Code\Tools\CRCDiff\CRCDiff.cpp(229,8): warning C4996: 'fopen': This function or variable may be unsafe. Consider using fopen_s instead. To disable deprecation, use _CRT_SECURE_NO_WARNINGS. See online help for details.
  Generating Code...
