cl : command line  warning D9035: option 'Gm' has been deprecated and will be removed in a future release
  wstring.cpp
F:\Github\CnC_Generals_Zero_Hour_stevebone\GeneralsMD\Code\Tools\Launcher\wstring.cpp(50,5): warning C4996: 'strcpy': This function or variable may be unsafe. Consider using strcpy_s instead. To disable deprecation, use _CRT_SECURE_NO_WARNINGS. See online help for details.
F:\Github\CnC_Generals_Zero_Hour_stevebone\GeneralsMD\Code\Tools\Launcher\wstring.cpp(149,16): warning C4996: 'strcpy': This function or variable may be unsafe. Consider using strcpy_s instead. To disable deprecation, use _CRT_SECURE_NO_WARNINGS. See online help for details.
F:\Github\CnC_Generals_Zero_Hour_stevebone\GeneralsMD\Code\Tools\Launcher\wstring.cpp(152,3): warning C4996: 'strcat': This function or variable may be unsafe. Consider using strcat_s instead. To disable deprecation, use _CRT_SECURE_NO_WARNINGS. See online help for details.
F:\Github\CnC_Generals_Zero_Hour_stevebone\GeneralsMD\Code\Tools\Launcher\wstring.cpp(185,5): warning C4996: 'strcpy': This function or variable may be unsafe. Consider using strcpy_s instead. To disable deprecation, use _CRT_SECURE_NO_WARNINGS. See online help for details.
F:\Github\CnC_Generals_Zero_Hour_stevebone\GeneralsMD\Code\Tools\Launcher\wstring.cpp(189,3): warning C4996: 'strncat': This function or variable may be unsafe. Consider using strncat_s instead. To disable deprecation, use _CRT_SECURE_NO_WARNINGS. See online help for details.
F:\Github\CnC_Generals_Zero_Hour_stevebone\GeneralsMD\Code\Tools\Launcher\wstring.cpp(268,3): warning C4996: 'strcpy': This function or variable may be unsafe. Consider using strcpy_s instead. To disable deprecation, use _CRT_SECURE_NO_WARNINGS. See online help for details.
F:\Github\CnC_Generals_Zero_Hour_stevebone\GeneralsMD\Code\Tools\Launcher\wstring.cpp(269,3): warning C4996: 'strcat': This function or variable may be unsafe. Consider using strcat_s instead. To disable deprecation, use _CRT_SECURE_NO_WARNINGS. See online help for details.
F:\Github\CnC_Generals_Zero_Hour_stevebone\GeneralsMD\Code\Tools\Launcher\wstring.cpp(297,5): warning C4996: 'strcpy': This function or variable may be unsafe. Consider using strcpy_s instead. To disable deprecation, use _CRT_SECURE_NO_WARNINGS. See online help for details.
F:\Github\CnC_Generals_Zero_Hour_stevebone\GeneralsMD\Code\Tools\Launcher\wstring.cpp(330,3): warning C4996: 'strncpy': This function or variable may be unsafe. Consider using strncpy_s instead. To disable deprecation, use _CRT_SECURE_NO_WARNINGS. See online help for details.
F:\Github\CnC_Generals_Zero_Hour_stevebone\GeneralsMD\Code\Tools\Launcher\wstring.cpp(367,3): warning C4996: 'strcpy': This function or variable may be unsafe. Consider using strcpy_s instead. To disable deprecation, use _CRT_SECURE_NO_WARNINGS. See online help for details.
F:\Github\CnC_Generals_Zero_Hour_stevebone\GeneralsMD\Code\Tools\Launcher\wstring.cpp(409,3): warning C4996: 'strcpy': This function or variable may be unsafe. Consider using strcpy_s instead. To disable deprecation, use _CRT_SECURE_NO_WARNINGS. See online help for details.
F:\Github\CnC_Generals_Zero_Hour_stevebone\GeneralsMD\Code\Tools\Launcher\wstring.cpp(412,3): warning C4996: 'strcat': This function or variable may be unsafe. Consider using strcat_s instead. To disable deprecation, use _CRT_SECURE_NO_WARNINGS. See online help for details.
F:\Github\CnC_Generals_Zero_Hour_stevebone\GeneralsMD\Code\Tools\Launcher\wstring.cpp(413,3): warning C4996: 'strcat': This function or variable may be unsafe. Consider using strcat_s instead. To disable deprecation, use _CRT_SECURE_NO_WARNINGS. See online help for details.
F:\Github\CnC_Generals_Zero_Hour_stevebone\GeneralsMD\Code\Tools\Launcher\wstring.cpp(471,2): warning C4996: 'strcpy': This function or variable may be unsafe. Consider using strcpy_s instead. To disable deprecation, use _CRT_SECURE_NO_WARNINGS. See online help for details.
F:\Github\CnC_Generals_Zero_Hour_stevebone\GeneralsMD\Code\Tools\Launcher\wstring.cpp(502,2): warning C4996: 'strncpy': This function or variable may be unsafe. Consider using strncpy_s instead. To disable deprecation, use _CRT_SECURE_NO_WARNINGS. See online help for details.
  winblows.cpp
F:\Github\CnC_Generals_Zero_Hour_stevebone\GeneralsMD\Code\Tools\Launcher\winblows.cpp(92,7): warning C4996: 'sprintf': This function or variable may be unsafe. Consider using sprintf_s instead. To disable deprecation, use _CRT_SECURE_NO_WARNINGS. See online help for details.
F:\Github\CnC_Generals_Zero_Hour_stevebone\GeneralsMD\Code\Tools\Launcher\winblows.cpp(95,7): warning C4996: 'sprintf': This function or variable may be unsafe. Consider using sprintf_s instead. To disable deprecation, use _CRT_SECURE_NO_WARNINGS. See online help for details.
F:\Github\CnC_Generals_Zero_Hour_stevebone\GeneralsMD\Code\Tools\Launcher\winblows.cpp(98,7): warning C4996: 'sprintf': This function or variable may be unsafe. Consider using sprintf_s instead. To disable deprecation, use _CRT_SECURE_NO_WARNINGS. See online help for details.
F:\Github\CnC_Generals_Zero_Hour_stevebone\GeneralsMD\Code\Tools\Launcher\winblows.cpp(101,7): warning C4996: 'sprintf': This function or variable may be unsafe. Consider using sprintf_s instead. To disable deprecation, use _CRT_SECURE_NO_WARNINGS. See online help for details.
F:\Github\CnC_Generals_Zero_Hour_stevebone\GeneralsMD\Code\Tools\Launcher\winblows.cpp(104,7): warning C4996: 'sprintf': This function or variable may be unsafe. Consider using sprintf_s instead. To disable deprecation, use _CRT_SECURE_NO_WARNINGS. See online help for details.
F:\Github\CnC_Generals_Zero_Hour_stevebone\GeneralsMD\Code\Tools\Launcher\winblows.cpp(107,7): warning C4996: 'sprintf': This function or variable may be unsafe. Consider using sprintf_s instead. To disable deprecation, use _CRT_SECURE_NO_WARNINGS. See online help for details.
F:\Github\CnC_Generals_Zero_Hour_stevebone\GeneralsMD\Code\Tools\Launcher\winblows.cpp(110,7): warning C4996: 'sprintf': This function or variable may be unsafe. Consider using sprintf_s instead. To disable deprecation, use _CRT_SECURE_NO_WARNINGS. See online help for details.
F:\Github\CnC_Generals_Zero_Hour_stevebone\GeneralsMD\Code\Tools\Launcher\winblows.cpp(113,7): warning C4996: 'sprintf': This function or variable may be unsafe. Consider using sprintf_s instead. To disable deprecation, use _CRT_SECURE_NO_WARNINGS. See online help for details.
F:\Github\CnC_Generals_Zero_Hour_stevebone\GeneralsMD\Code\Tools\Launcher\winblows.cpp(116,7): warning C4996: 'sprintf': This function or variable may be unsafe. Consider using sprintf_s instead. To disable deprecation, use _CRT_SECURE_NO_WARNINGS. See online help for details.
F:\Github\CnC_Generals_Zero_Hour_stevebone\GeneralsMD\Code\Tools\Launcher\winblows.cpp(119,7): warning C4996: 'sprintf': This function or variable may be unsafe. Consider using sprintf_s instead. To disable deprecation, use _CRT_SECURE_NO_WARNINGS. See online help for details.
F:\Github\CnC_Generals_Zero_Hour_stevebone\GeneralsMD\Code\Tools\Launcher\winblows.cpp(122,7): warning C4996: 'sprintf': This function or variable may be unsafe. Consider using sprintf_s instead. To disable deprecation, use _CRT_SECURE_NO_WARNINGS. See online help for details.
F:\Github\CnC_Generals_Zero_Hour_stevebone\GeneralsMD\Code\Tools\Launcher\winblows.cpp(125,7): warning C4996: 'sprintf': This function or variable may be unsafe. Consider using sprintf_s instead. To disable deprecation, use _CRT_SECURE_NO_WARNINGS. See online help for details.
F:\Github\CnC_Generals_Zero_Hour_stevebone\GeneralsMD\Code\Tools\Launcher\winblows.cpp(128,7): warning C4996: 'sprintf': This function or variable may be unsafe. Consider using sprintf_s instead. To disable deprecation, use _CRT_SECURE_NO_WARNINGS. See online help for details.
F:\Github\CnC_Generals_Zero_Hour_stevebone\GeneralsMD\Code\Tools\Launcher\winblows.cpp(131,7): warning C4996: 'sprintf': This function or variable may be unsafe. Consider using sprintf_s instead. To disable deprecation, use _CRT_SECURE_NO_WARNINGS. See online help for details.
F:\Github\CnC_Generals_Zero_Hour_stevebone\GeneralsMD\Code\Tools\Launcher\winblows.cpp(134,7): warning C4996: 'sprintf': This function or variable may be unsafe. Consider using sprintf_s instead. To disable deprecation, use _CRT_SECURE_NO_WARNINGS. See online help for details.
F:\Github\CnC_Generals_Zero_Hour_stevebone\GeneralsMD\Code\Tools\Launcher\winblows.cpp(137,7): warning C4996: 'sprintf': This function or variable may be unsafe. Consider using sprintf_s instead. To disable deprecation, use _CRT_SECURE_NO_WARNINGS. See online help for details.
F:\Github\CnC_Generals_Zero_Hour_stevebone\GeneralsMD\Code\Tools\Launcher\winblows.cpp(140,7): warning C4996: 'sprintf': This function or variable may be unsafe. Consider using sprintf_s instead. To disable deprecation, use _CRT_SECURE_NO_WARNINGS. See online help for details.
F:\Github\CnC_Generals_Zero_Hour_stevebone\GeneralsMD\Code\Tools\Launcher\winblows.cpp(143,7): warning C4996: 'sprintf': This function or variable may be unsafe. Consider using sprintf_s instead. To disable deprecation, use _CRT_SECURE_NO_WARNINGS. See online help for details.
F:\Github\CnC_Generals_Zero_Hour_stevebone\GeneralsMD\Code\Tools\Launcher\winblows.cpp(146,7): warning C4996: 'sprintf': This function or variable may be unsafe. Consider using sprintf_s instead. To disable deprecation, use _CRT_SECURE_NO_WARNINGS. See online help for details.
F:\Github\CnC_Generals_Zero_Hour_stevebone\GeneralsMD\Code\Tools\Launcher\winblows.cpp(149,7): warning C4996: 'sprintf': This function or variable may be unsafe. Consider using sprintf_s instead. To disable deprecation, use _CRT_SECURE_NO_WARNINGS. See online help for details.
F:\Github\CnC_Generals_Zero_Hour_stevebone\GeneralsMD\Code\Tools\Launcher\winblows.cpp(152,7): warning C4996: 'sprintf': This function or variable may be unsafe. Consider using sprintf_s instead. To disable deprecation, use _CRT_SECURE_NO_WARNINGS. See online help for details.
F:\Github\CnC_Generals_Zero_Hour_stevebone\GeneralsMD\Code\Tools\Launcher\winblows.cpp(155,7): warning C4996: 'sprintf': This function or variable may be unsafe. Consider using sprintf_s instead. To disable deprecation, use _CRT_SECURE_NO_WARNINGS. See online help for details.
F:\Github\CnC_Generals_Zero_Hour_stevebone\GeneralsMD\Code\Tools\Launcher\winblows.cpp(158,7): warning C4996: 'sprintf': This function or variable may be unsafe. Consider using sprintf_s instead. To disable deprecation, use _CRT_SECURE_NO_WARNINGS. See online help for details.
F:\Github\CnC_Generals_Zero_Hour_stevebone\GeneralsMD\Code\Tools\Launcher\winblows.cpp(161,7): warning C4996: 'sprintf': This function or variable may be unsafe. Consider using sprintf_s instead. To disable deprecation, use _CRT_SECURE_NO_WARNINGS. See online help for details.
F:\Github\CnC_Generals_Zero_Hour_stevebone\GeneralsMD\Code\Tools\Launcher\winblows.cpp(164,7): warning C4996: 'sprintf': This function or variable may be unsafe. Consider using sprintf_s instead. To disable deprecation, use _CRT_SECURE_NO_WARNINGS. See online help for details.
F:\Github\CnC_Generals_Zero_Hour_stevebone\GeneralsMD\Code\Tools\Launcher\winblows.cpp(167,7): warning C4996: 'sprintf': This function or variable may be unsafe. Consider using sprintf_s instead. To disable deprecation, use _CRT_SECURE_NO_WARNINGS. See online help for details.
F:\Github\CnC_Generals_Zero_Hour_stevebone\GeneralsMD\Code\Tools\Launcher\winblows.cpp(170,7): warning C4996: 'sprintf': This function or variable may be unsafe. Consider using sprintf_s instead. To disable deprecation, use _CRT_SECURE_NO_WARNINGS. See online help for details.
F:\Github\CnC_Generals_Zero_Hour_stevebone\GeneralsMD\Code\Tools\Launcher\winblows.cpp(173,7): warning C4996: 'sprintf': This function or variable may be unsafe. Consider using sprintf_s instead. To disable deprecation, use _CRT_SECURE_NO_WARNINGS. See online help for details.
F:\Github\CnC_Generals_Zero_Hour_stevebone\GeneralsMD\Code\Tools\Launcher\winblows.cpp(176,7): warning C4996: 'sprintf': This function or variable may be unsafe. Consider using sprintf_s instead. To disable deprecation, use _CRT_SECURE_NO_WARNINGS. See online help for details.
F:\Github\CnC_Generals_Zero_Hour_stevebone\GeneralsMD\Code\Tools\Launcher\winblows.cpp(179,7): warning C4996: 'sprintf': This function or variable may be unsafe. Consider using sprintf_s instead. To disable deprecation, use _CRT_SECURE_NO_WARNINGS. See online help for details.
F:\Github\CnC_Generals_Zero_Hour_stevebone\GeneralsMD\Code\Tools\Launcher\winblows.cpp(182,7): warning C4996: 'sprintf': This function or variable may be unsafe. Consider using sprintf_s instead. To disable deprecation, use _CRT_SECURE_NO_WARNINGS. See online help for details.
  wdebug.cpp
  UString.cpp
F:\Github\CnC_Generals_Zero_Hour_stevebone\GeneralsMD\Code\Tools\Launcher\Toolkit\Support\UString.cpp(380,2): warning C4996: 'wcscpy': This function or variable may be unsafe. Consider using wcscpy_s instead. To disable deprecation, use _CRT_SECURE_NO_WARNINGS. See online help for details.
F:\Github\CnC_Generals_Zero_Hour_stevebone\GeneralsMD\Code\Tools\Launcher\Toolkit\Support\UString.cpp(476,2): warning C4996: 'wcscat': This function or variable may be unsafe. Consider using wcscat_s instead. To disable deprecation, use _CRT_SECURE_NO_WARNINGS. See online help for details.
F:\Github\CnC_Generals_Zero_Hour_stevebone\GeneralsMD\Code\Tools\Launcher\Toolkit\Support\UString.cpp(710,9): warning C4996: 'wcsicmp': The POSIX name for this item is deprecated. Instead, use the ISO C and C++ conformant name: _wcsicmp. See online help for details.
F:\Github\CnC_Generals_Zero_Hour_stevebone\GeneralsMD\Code\Tools\Launcher\Toolkit\Support\UString.cpp(998,3): warning C4996: 'wcsupr': The POSIX name for this item is deprecated. Instead, use the ISO C and C++ conformant name: _wcsupr. See online help for details.
F:\Github\CnC_Generals_Zero_Hour_stevebone\GeneralsMD\Code\Tools\Launcher\Toolkit\Support\UString.cpp(1023,3): warning C4996: 'wcslwr': The POSIX name for this item is deprecated. Instead, use the ISO C and C++ conformant name: _wcslwr. See online help for details.
F:\Github\CnC_Generals_Zero_Hour_stevebone\GeneralsMD\Code\Tools\Launcher\Toolkit\Support\UString.cpp(1048,3): warning C4996: 'wcsrev': The POSIX name for this item is deprecated. Instead, use the ISO C and C++ conformant name: _wcsrev. See online help for details.
F:\Github\CnC_Generals_Zero_Hour_stevebone\GeneralsMD\Code\Tools\Launcher\Toolkit\Support\UString.cpp(1285,3): warning C4996: 'wcsncpy': This function or variable may be unsafe. Consider using wcsncpy_s instead. To disable deprecation, use _CRT_SECURE_NO_WARNINGS. See online help for details.
  StringConvert.cpp
F:\Github\CnC_Generals_Zero_Hour_stevebone\GeneralsMD\Code\Tools\Launcher\Toolkit\Support\UString.cpp(104,3): warning C4996: 'wcscpy': This function or variable may be unsafe. Consider using wcscpy_s instead. To disable deprecation, use _CRT_SECURE_NO_WARNINGS. See online help for details.
      F:\Github\CnC_Generals_Zero_Hour_stevebone\GeneralsMD\Code\Tools\Launcher\Toolkit\Support\UString.cpp(104,3):
      the template instantiation context (the oldest one first) is
          F:\Github\CnC_Generals_Zero_Hour_stevebone\GeneralsMD\Code\Tools\Launcher\Toolkit\Support\UString.cpp(1116,9):
          see reference to function template instantiation 'bool StripLeft<Char>(WChar *,const T *)' being compiled
          with
          [
              T=Char
          ]
  
  File.cpp
  DebugPrint.cpp
F:\Github\CnC_Generals_Zero_Hour_stevebone\GeneralsMD\Code\Tools\Launcher\Toolkit\Debug\DebugPrint.cpp(74,3): warning C4996: 'vsprintf': This function or variable may be unsafe. Consider using vsprintf_s instead. To disable deprecation, use _CRT_SECURE_NO_WARNINGS. See online help for details.
F:\Github\CnC_Generals_Zero_Hour_stevebone\GeneralsMD\Code\Tools\Launcher\Toolkit\Debug\DebugPrint.cpp(87,4): warning C4996: '_splitpath': This function or variable may be unsafe. Consider using _splitpath_s instead. To disable deprecation, use _CRT_SECURE_NO_WARNINGS. See online help for details.
F:\Github\CnC_Generals_Zero_Hour_stevebone\GeneralsMD\Code\Tools\Launcher\Toolkit\Debug\DebugPrint.cpp(88,4): warning C4996: '_makepath': This function or variable may be unsafe. Consider using _makepath_s instead. To disable deprecation, use _CRT_SECURE_NO_WARNINGS. See online help for details.
F:\Github\CnC_Generals_Zero_Hour_stevebone\GeneralsMD\Code\Tools\Launcher\Toolkit\Debug\DebugPrint.cpp(170,3): warning C4996: 'vsprintf': This function or variable may be unsafe. Consider using vsprintf_s instead. To disable deprecation, use _CRT_SECURE_NO_WARNINGS. See online help for details.
  streamer.cpp
  Protect.cpp
  process.cpp
F:\Github\CnC_Generals_Zero_Hour_stevebone\GeneralsMD\Code\Tools\Launcher\process.cpp(41,5): warning C4996: 'strcpy': This function or variable may be unsafe. Consider using strcpy_s instead. To disable deprecation, use _CRT_SECURE_NO_WARNINGS. See online help for details.
F:\Github\CnC_Generals_Zero_Hour_stevebone\GeneralsMD\Code\Tools\Launcher\process.cpp(42,5): warning C4996: 'strcat': This function or variable may be unsafe. Consider using strcat_s instead. To disable deprecation, use _CRT_SECURE_NO_WARNINGS. See online help for details.
F:\Github\CnC_Generals_Zero_Hour_stevebone\GeneralsMD\Code\Tools\Launcher\process.cpp(117,5): warning C4996: 'strcpy': This function or variable may be unsafe. Consider using strcpy_s instead. To disable deprecation, use _CRT_SECURE_NO_WARNINGS. See online help for details.
F:\Github\CnC_Generals_Zero_Hour_stevebone\GeneralsMD\Code\Tools\Launcher\process.cpp(118,5): warning C4996: 'strcpy': This function or variable may be unsafe. Consider using strcpy_s instead. To disable deprecation, use _CRT_SECURE_NO_WARNINGS. See online help for details.
F:\Github\CnC_Generals_Zero_Hour_stevebone\GeneralsMD\Code\Tools\Launcher\process.cpp(119,5): warning C4996: 'strcpy': This function or variable may be unsafe. Consider using strcpy_s instead. To disable deprecation, use _CRT_SECURE_NO_WARNINGS. See online help for details.
  patch.cpp
F:\Github\CnC_Generals_Zero_Hour_stevebone\GeneralsMD\Code\Tools\Launcher\patch.cpp(51,18): warning C4996: 'fopen': This function or variable may be unsafe. Consider using fopen_s instead. To disable deprecation, use _CRT_SECURE_NO_WARNINGS. See online help for details.
F:\Github\CnC_Generals_Zero_Hour_stevebone\GeneralsMD\Code\Tools\Launcher\patch.cpp(75,9): warning C4996: 'strcat': This function or variable may be unsafe. Consider using strcat_s instead. To disable deprecation, use _CRT_SECURE_NO_WARNINGS. See online help for details.
F:\Github\CnC_Generals_Zero_Hour_stevebone\GeneralsMD\Code\Tools\Launcher\patch.cpp(181,7): warning C4996: 'sprintf': This function or variable may be unsafe. Consider using sprintf_s instead. To disable deprecation, use _CRT_SECURE_NO_WARNINGS. See online help for details.
F:\Github\CnC_Generals_Zero_Hour_stevebone\GeneralsMD\Code\Tools\Launcher\patch.cpp(203,7): warning C4996: 'sprintf': This function or variable may be unsafe. Consider using sprintf_s instead. To disable deprecation, use _CRT_SECURE_NO_WARNINGS. See online help for details.
F:\Github\CnC_Generals_Zero_Hour_stevebone\GeneralsMD\Code\Tools\Launcher\patch.cpp(227,5): warning C4996: 'sprintf': This function or variable may be unsafe. Consider using sprintf_s instead. To disable deprecation, use _CRT_SECURE_NO_WARNINGS. See online help for details.
F:\Github\CnC_Generals_Zero_Hour_stevebone\GeneralsMD\Code\Tools\Launcher\patch.cpp(237,3): warning C4996: 'strcpy': This function or variable may be unsafe. Consider using strcpy_s instead. To disable deprecation, use _CRT_SECURE_NO_WARNINGS. See online help for details.
F:\Github\CnC_Generals_Zero_Hour_stevebone\GeneralsMD\Code\Tools\Launcher\patch.cpp(259,5): warning C4996: 'sprintf': This function or variable may be unsafe. Consider using sprintf_s instead. To disable deprecation, use _CRT_SECURE_NO_WARNINGS. See online help for details.
F:\Github\CnC_Generals_Zero_Hour_stevebone\GeneralsMD\Code\Tools\Launcher\patch.cpp(262,7): warning C4996: 'strcpy': This function or variable may be unsafe. Consider using strcpy_s instead. To disable deprecation, use _CRT_SECURE_NO_WARNINGS. See online help for details.
F:\Github\CnC_Generals_Zero_Hour_stevebone\GeneralsMD\Code\Tools\Launcher\patch.cpp(291,4): warning C4996: 'strcpy': This function or variable may be unsafe. Consider using strcpy_s instead. To disable deprecation, use _CRT_SECURE_NO_WARNINGS. See online help for details.
F:\Github\CnC_Generals_Zero_Hour_stevebone\GeneralsMD\Code\Tools\Launcher\patch.cpp(294,4): warning C4996: 'strcpy': This function or variable may be unsafe. Consider using strcpy_s instead. To disable deprecation, use _CRT_SECURE_NO_WARNINGS. See online help for details.
F:\Github\CnC_Generals_Zero_Hour_stevebone\GeneralsMD\Code\Tools\Launcher\patch.cpp(295,4): warning C4996: 'strcpy': This function or variable may be unsafe. Consider using strcpy_s instead. To disable deprecation, use _CRT_SECURE_NO_WARNINGS. See online help for details.
F:\Github\CnC_Generals_Zero_Hour_stevebone\GeneralsMD\Code\Tools\Launcher\patch.cpp(310,5): warning C4996: 'strcpy': This function or variable may be unsafe. Consider using strcpy_s instead. To disable deprecation, use _CRT_SECURE_NO_WARNINGS. See online help for details.
F:\Github\CnC_Generals_Zero_Hour_stevebone\GeneralsMD\Code\Tools\Launcher\patch.cpp(311,5): warning C4996: 'strcpy': This function or variable may be unsafe. Consider using strcpy_s instead. To disable deprecation, use _CRT_SECURE_NO_WARNINGS. See online help for details.
F:\Github\CnC_Generals_Zero_Hour_stevebone\GeneralsMD\Code\Tools\Launcher\patch.cpp(329,14): warning C4996: 'fopen': This function or variable may be unsafe. Consider using fopen_s instead. To disable deprecation, use _CRT_SECURE_NO_WARNINGS. See online help for details.
F:\Github\CnC_Generals_Zero_Hour_stevebone\GeneralsMD\Code\Tools\Launcher\patch.cpp(448,19): warning C4996: 'fopen': This function or variable may be unsafe. Consider using fopen_s instead. To disable deprecation, use _CRT_SECURE_NO_WARNINGS. See online help for details.
F:\Github\CnC_Generals_Zero_Hour_stevebone\GeneralsMD\Code\Tools\Launcher\patch.cpp(450,45): warning C4996: 'ctime': This function or variable may be unsafe. Consider using ctime_s instead. To disable deprecation, use _CRT_SECURE_NO_WARNINGS. See online help for details.
F:\Github\CnC_Generals_Zero_Hour_stevebone\GeneralsMD\Code\Tools\Launcher\patch.cpp(505,7): warning C4996: 'sprintf': This function or variable may be unsafe. Consider using sprintf_s instead. To disable deprecation, use _CRT_SECURE_NO_WARNINGS. See online help for details.
  monod.cpp
  main.cpp
F:\Github\CnC_Generals_Zero_Hour_stevebone\GeneralsMD\Code\Tools\Launcher\filed.h(29,10): warning C4996: 'fopen': This function or variable may be unsafe. Consider using fopen_s instead. To disable deprecation, use _CRT_SECURE_NO_WARNINGS. See online help for details.
  (compiling source file 'main.cpp')
  
F:\Github\CnC_Generals_Zero_Hour_stevebone\GeneralsMD\Code\Tools\Launcher\filed.h(31,12): warning C4996: 'fopen': This function or variable may be unsafe. Consider using fopen_s instead. To disable deprecation, use _CRT_SECURE_NO_WARNINGS. See online help for details.
  (compiling source file 'main.cpp')
  
F:\Github\CnC_Generals_Zero_Hour_stevebone\GeneralsMD\Code\Tools\Launcher\main.cpp(112,5): warning C4996: 'strcpy': This function or variable may be unsafe. Consider using strcpy_s instead. To disable deprecation, use _CRT_SECURE_NO_WARNINGS. See online help for details.
F:\Github\CnC_Generals_Zero_Hour_stevebone\GeneralsMD\Code\Tools\Launcher\main.cpp(113,5): warning C4996: 'strcpy': This function or variable may be unsafe. Consider using strcpy_s instead. To disable deprecation, use _CRT_SECURE_NO_WARNINGS. See online help for details.
F:\Github\CnC_Generals_Zero_Hour_stevebone\GeneralsMD\Code\Tools\Launcher\main.cpp(114,5): warning C4996: 'strcpy': This function or variable may be unsafe. Consider using strcpy_s instead. To disable deprecation, use _CRT_SECURE_NO_WARNINGS. See online help for details.
F:\Github\CnC_Generals_Zero_Hour_stevebone\GeneralsMD\Code\Tools\Launcher\main.cpp(150,2): warning C4996: 'strcpy': This function or variable may be unsafe. Consider using strcpy_s instead. To disable deprecation, use _CRT_SECURE_NO_WARNINGS. See online help for details.
F:\Github\CnC_Generals_Zero_Hour_stevebone\GeneralsMD\Code\Tools\Launcher\main.cpp(167,2): warning C4996: 'strcpy': This function or variable may be unsafe. Consider using strcpy_s instead. To disable deprecation, use _CRT_SECURE_NO_WARNINGS. See online help for details.
F:\Github\CnC_Generals_Zero_Hour_stevebone\GeneralsMD\Code\Tools\Launcher\main.cpp(168,2): warning C4996: 'strcat': This function or variable may be unsafe. Consider using strcat_s instead. To disable deprecation, use _CRT_SECURE_NO_WARNINGS. See online help for details.
F:\Github\CnC_Generals_Zero_Hour_stevebone\GeneralsMD\Code\Tools\Launcher\main.cpp(169,2): warning C4996: 'strcpy': This function or variable may be unsafe. Consider using strcpy_s instead. To disable deprecation, use _CRT_SECURE_NO_WARNINGS. See online help for details.
F:\Github\CnC_Generals_Zero_Hour_stevebone\GeneralsMD\Code\Tools\Launcher\main.cpp(170,2): warning C4996: 'strcat': This function or variable may be unsafe. Consider using strcat_s instead. To disable deprecation, use _CRT_SECURE_NO_WARNINGS. See online help for details.
F:\Github\CnC_Generals_Zero_Hour_stevebone\GeneralsMD\Code\Tools\Launcher\main.cpp(180,2): warning C4996: 'strcat': This function or variable may be unsafe. Consider using strcat_s instead. To disable deprecation, use _CRT_SECURE_NO_WARNINGS. See online help for details.
F:\Github\CnC_Generals_Zero_Hour_stevebone\GeneralsMD\Code\Tools\Launcher\main.cpp(185,13): warning C4996: 'fopen': This function or variable may be unsafe. Consider using fopen_s instead. To disable deprecation, use _CRT_SECURE_NO_WARNINGS. See online help for details.
F:\Github\CnC_Generals_Zero_Hour_stevebone\GeneralsMD\Code\Tools\Launcher\main.cpp(215,3): warning C4996: 'strcat': This function or variable may be unsafe. Consider using strcat_s instead. To disable deprecation, use _CRT_SECURE_NO_WARNINGS. See online help for details.
F:\Github\CnC_Generals_Zero_Hour_stevebone\GeneralsMD\Code\Tools\Launcher\main.cpp(216,3): warning C4996: 'strcat': This function or variable may be unsafe. Consider using strcat_s instead. To disable deprecation, use _CRT_SECURE_NO_WARNINGS. See online help for details.
F:\Github\CnC_Generals_Zero_Hour_stevebone\GeneralsMD\Code\Tools\Launcher\main.cpp(220,4): warning C4996: 'strcat': This function or variable may be unsafe. Consider using strcat_s instead. To disable deprecation, use _CRT_SECURE_NO_WARNINGS. See online help for details.
F:\Github\CnC_Generals_Zero_Hour_stevebone\GeneralsMD\Code\Tools\Launcher\main.cpp(221,4): warning C4996: 'strcat': This function or variable may be unsafe. Consider using strcat_s instead. To disable deprecation, use _CRT_SECURE_NO_WARNINGS. See online help for details.
F:\Github\CnC_Generals_Zero_Hour_stevebone\GeneralsMD\Code\Tools\Launcher\main.cpp(234,3): warning C4996: 'strcpy': This function or variable may be unsafe. Consider using strcpy_s instead. To disable deprecation, use _CRT_SECURE_NO_WARNINGS. See online help for details.
F:\Github\CnC_Generals_Zero_Hour_stevebone\GeneralsMD\Code\Tools\Launcher\main.cpp(237,3): warning C4996: 'strcpy': This function or variable may be unsafe. Consider using strcpy_s instead. To disable deprecation, use _CRT_SECURE_NO_WARNINGS. See online help for details.
F:\Github\CnC_Generals_Zero_Hour_stevebone\GeneralsMD\Code\Tools\Launcher\main.cpp(238,3): warning C4996: 'strcpy': This function or variable may be unsafe. Consider using strcpy_s instead. To disable deprecation, use _CRT_SECURE_NO_WARNINGS. See online help for details.
F:\Github\CnC_Generals_Zero_Hour_stevebone\GeneralsMD\Code\Tools\Launcher\main.cpp(307,2): warning C4996: 'sprintf': This function or variable may be unsafe. Consider using sprintf_s instead. To disable deprecation, use _CRT_SECURE_NO_WARNINGS. See online help for details.
F:\Github\CnC_Generals_Zero_Hour_stevebone\GeneralsMD\Code\Tools\Launcher\main.cpp(366,2): warning C4996: '_splitpath': This function or variable may be unsafe. Consider using _splitpath_s instead. To disable deprecation, use _CRT_SECURE_NO_WARNINGS. See online help for details.
F:\Github\CnC_Generals_Zero_Hour_stevebone\GeneralsMD\Code\Tools\Launcher\main.cpp(367,2): warning C4996: '_makepath': This function or variable may be unsafe. Consider using _makepath_s instead. To disable deprecation, use _CRT_SECURE_NO_WARNINGS. See online help for details.
F:\Github\CnC_Generals_Zero_Hour_stevebone\GeneralsMD\Code\Tools\Launcher\main.cpp(376,9): warning C4996: 'chdir': The POSIX name for this item is deprecated. Instead, use the ISO C and C++ conformant name: _chdir. See online help for details.
  loadbmp.cpp
F:\Github\CnC_Generals_Zero_Hour_stevebone\GeneralsMD\Code\Tools\Launcher\loadbmp.cpp(187,5): warning C4996: 'sprintf': This function or variable may be unsafe. Consider using sprintf_s instead. To disable deprecation, use _CRT_SECURE_NO_WARNINGS. See online help for details.
F:\Github\CnC_Generals_Zero_Hour_stevebone\GeneralsMD\Code\Tools\Launcher\loadbmp.cpp(193,5): warning C4996: 'sprintf': This function or variable may be unsafe. Consider using sprintf_s instead. To disable deprecation, use _CRT_SECURE_NO_WARNINGS. See online help for details.
  findpatch.cpp
F:\Github\CnC_Generals_Zero_Hour_stevebone\GeneralsMD\Code\Tools\Launcher\findpatch.cpp(64,7): warning C4996: 'sprintf': This function or variable may be unsafe. Consider using sprintf_s instead. To disable deprecation, use _CRT_SECURE_NO_WARNINGS. See online help for details.
F:\Github\CnC_Generals_Zero_Hour_stevebone\GeneralsMD\Code\Tools\Launcher\findpatch.cpp(69,9): warning C4996: 'strcat': This function or variable may be unsafe. Consider using strcat_s instead. To disable deprecation, use _CRT_SECURE_NO_WARNINGS. See online help for details.
F:\Github\CnC_Generals_Zero_Hour_stevebone\GeneralsMD\Code\Tools\Launcher\findpatch.cpp(70,9): warning C4996: 'strcat': This function or variable may be unsafe. Consider using strcat_s instead. To disable deprecation, use _CRT_SECURE_NO_WARNINGS. See online help for details.
F:\Github\CnC_Generals_Zero_Hour_stevebone\GeneralsMD\Code\Tools\Launcher\findpatch.cpp(74,7): warning C4996: 'sprintf': This function or variable may be unsafe. Consider using sprintf_s instead. To disable deprecation, use _CRT_SECURE_NO_WARNINGS. See online help for details.
F:\Github\CnC_Generals_Zero_Hour_stevebone\GeneralsMD\Code\Tools\Launcher\findpatch.cpp(79,9): warning C4996: 'strcat': This function or variable may be unsafe. Consider using strcat_s instead. To disable deprecation, use _CRT_SECURE_NO_WARNINGS. See online help for details.
F:\Github\CnC_Generals_Zero_Hour_stevebone\GeneralsMD\Code\Tools\Launcher\findpatch.cpp(80,9): warning C4996: 'strcat': This function or variable may be unsafe. Consider using strcat_s instead. To disable deprecation, use _CRT_SECURE_NO_WARNINGS. See online help for details.
F:\Github\CnC_Generals_Zero_Hour_stevebone\GeneralsMD\Code\Tools\Launcher\findpatch.cpp(105,3): warning C4996: 'sprintf': This function or variable may be unsafe. Consider using sprintf_s instead. To disable deprecation, use _CRT_SECURE_NO_WARNINGS. See online help for details.
F:\Github\CnC_Generals_Zero_Hour_stevebone\GeneralsMD\Code\Tools\Launcher\findpatch.cpp(154,3): warning C4996: 'strncpy': This function or variable may be unsafe. Consider using strncpy_s instead. To disable deprecation, use _CRT_SECURE_NO_WARNINGS. See online help for details.
F:\Github\CnC_Generals_Zero_Hour_stevebone\GeneralsMD\Code\Tools\Launcher\findpatch.cpp(189,5): warning C4996: 'strcat': This function or variable may be unsafe. Consider using strcat_s instead. To disable deprecation, use _CRT_SECURE_NO_WARNINGS. See online help for details.
  dialog.cpp
  configfile.cpp
  BFISH.CPP
  Generating Code...
C:\Program Files\Microsoft Visual Studio\2022\Community\MSBuild\Microsoft\VC\v170\Microsoft.CppBuild.targets(1395,5): warning MSB8012: TargetPath(F:\Github\CnC_Generals_Zero_Hour_stevebone\GeneralsMD\Code\Tools\Launcher\Debug\launcher.exe) does not match the Linker's OutputFile property value (F:\Github\CnC_Generals_Zero_Hour_stevebone\GeneralsMD\Run\GeneralsD.exe). This may cause your project to build incorrectly. To correct this, please make sure that $(OutDir), $(TargetName) and $(TargetExt) property values match the value specified in %(Link.OutputFile).
C:\Program Files\Microsoft Visual Studio\2022\Community\MSBuild\Microsoft\VC\v170\Microsoft.CppBuild.targets(1397,5): warning MSB8012: TargetName(launcher) does not match the Linker's OutputFile property value (GeneralsD). This may cause your project to build incorrectly. To correct this, please make sure that $(OutDir), $(TargetName) and $(TargetExt) property values match the value specified in %(Link.OutputFile).
BFISH.obj : warning LNK4075: ignoring '/EDITANDCONTINUE' due to '/SAFESEH' specification
     Creating library .\Debug\launcher.lib and object .\Debug\launcher.exp
  launcher.vcxproj -> F:\Github\CnC_Generals_Zero_Hour_stevebone\GeneralsMD\Code\Tools\Launcher\Debug\launcher.exe
